[debug] [2023-12-19T09:56:21.864Z] ----------------------------------------------------------------------
[debug] [2023-12-19T09:56:21.866Z] Command:       C:\Program Files\nodejs\node.exe C:\Users\imeda\AppData\Roaming\npm\node_modules\firebase-tools\lib\bin\firebase.js init
[debug] [2023-12-19T09:56:21.866Z] CLI Version:   13.0.2
[debug] [2023-12-19T09:56:21.866Z] Platform:      win32
[debug] [2023-12-19T09:56:21.867Z] Node Version:  v20.10.0
[debug] [2023-12-19T09:56:21.867Z] Time:          Tue Dec 19 2023 10:56:21 GMT+0100 (West Africa Standard Time)
[debug] [2023-12-19T09:56:21.867Z] ----------------------------------------------------------------------
[debug] 
[debug] [2023-12-19T09:56:21.942Z] > command requires scopes: ["email","openid","https://www.googleapis.com/auth/cloudplatformprojects.readonly","https://www.googleapis.com/auth/firebase","https://www.googleapis.com/auth/cloud-platform"]
[debug] [2023-12-19T09:56:21.943Z] > authorizing via signed-in user (safwenriahi989@gmail.com)
[info] 
     ######## #### ########  ######## ########     ###     ######  ########
     ##        ##  ##     ## ##       ##     ##  ##   ##  ##       ##
     ######    ##  ########  ######   ########  #########  ######  ######
     ##        ##  ##    ##  ##       ##     ## ##     ##       ## ##
     ##       #### ##     ## ######## ########  ##     ##  ######  ########

You're about to initialize a Firebase project in this directory:

  D:\9raya\Angular\monetiqueservice

Before we get started, keep in mind:

  * You are initializing within an existing Firebase project directory

[info] 
=== Project Setup
[info] 
[info] First, let's associate this project directory with a Firebase project.
[info] You can create multiple project aliases by running firebase use --add, 
[info] but for now we'll just set up a default project.
[info] 
[debug] [2023-12-19T09:56:45.455Z] >>> [apiv2][query] GET https://firebase.googleapis.com/v1beta1/projects pageSize=100
[debug] [2023-12-19T09:56:46.320Z] <<< [apiv2][status] GET https://firebase.googleapis.com/v1beta1/projects 200
[debug] [2023-12-19T09:56:46.321Z] <<< [apiv2][body] GET https://firebase.googleapis.com/v1beta1/projects [omitted]
[info] i  Using project service-d17 (MonetiqueService) 
[info] 
=== Firestore Setup
[debug] [2023-12-19T09:56:48.114Z] >>> [apiv2][query] GET https://serviceusage.googleapis.com/v1/projects/service-d17/services/firestore.googleapis.com [none]
[debug] [2023-12-19T09:56:48.114Z] >>> [apiv2][(partial)header] GET https://serviceusage.googleapis.com/v1/projects/service-d17/services/firestore.googleapis.com x-goog-quota-user=projects/service-d17
[debug] [2023-12-19T09:56:49.287Z] <<< [apiv2][status] GET https://serviceusage.googleapis.com/v1/projects/service-d17/services/firestore.googleapis.com 200
[debug] [2023-12-19T09:56:49.287Z] <<< [apiv2][body] GET https://serviceusage.googleapis.com/v1/projects/service-d17/services/firestore.googleapis.com [omitted]
[debug] [2023-12-19T09:56:49.287Z] >>> [apiv2][query] GET https://firestore.googleapis.com/v1/projects/service-d17/databases/(default) [none]
[debug] [2023-12-19T09:56:50.341Z] <<< [apiv2][status] GET https://firestore.googleapis.com/v1/projects/service-d17/databases/(default) 200
[debug] [2023-12-19T09:56:50.341Z] <<< [apiv2][body] GET https://firestore.googleapis.com/v1/projects/service-d17/databases/(default) {"name":"projects/service-d17/databases/(default)","uid":"1bc4d4b2-1aa1-4336-ab3f-099bb045330d","createTime":"2023-12-19T09:33:13.343913Z","updateTime":"2023-12-19T09:33:13.343913Z","locationId":"nam5","type":"FIRESTORE_NATIVE","concurrencyMode":"PESSIMISTIC","versionRetentionPeriod":"3600s","earliestVersionTime":"2023-12-19T09:33:13.343913Z","appEngineIntegrationMode":"DISABLED","keyPrefix":"s","pointInTimeRecoveryEnablement":"POINT_IN_TIME_RECOVERY_DISABLED","deleteProtectionState":"DELETE_PROTECTION_DISABLED","etag":"II3Z8JSem4MDMOCQnvmYm4MD"}
[debug] [2023-12-19T09:56:50.341Z] database_type: FIRESTORE_NATIVE
[debug] [2023-12-19T09:56:50.341Z] > command requires scopes: ["email","openid","https://www.googleapis.com/auth/cloudplatformprojects.readonly","https://www.googleapis.com/auth/firebase","https://www.googleapis.com/auth/cloud-platform"]
[debug] [2023-12-19T09:56:50.341Z] > authorizing via signed-in user (safwenriahi989@gmail.com)
[debug] [2023-12-19T09:56:50.341Z] [iam] checking project service-d17 for permissions ["firebase.projects.get"]
[debug] [2023-12-19T09:56:50.342Z] >>> [apiv2][query] POST https://cloudresourcemanager.googleapis.com/v1/projects/service-d17:testIamPermissions [none]
[debug] [2023-12-19T09:56:50.342Z] >>> [apiv2][(partial)header] POST https://cloudresourcemanager.googleapis.com/v1/projects/service-d17:testIamPermissions x-goog-quota-user=projects/service-d17
[debug] [2023-12-19T09:56:50.342Z] >>> [apiv2][body] POST https://cloudresourcemanager.googleapis.com/v1/projects/service-d17:testIamPermissions {"permissions":["firebase.projects.get"]}
[debug] [2023-12-19T09:56:51.282Z] <<< [apiv2][status] POST https://cloudresourcemanager.googleapis.com/v1/projects/service-d17:testIamPermissions 200
[debug] [2023-12-19T09:56:51.282Z] <<< [apiv2][body] POST https://cloudresourcemanager.googleapis.com/v1/projects/service-d17:testIamPermissions {"permissions":["firebase.projects.get"]}
[info] 
[info] Firestore Security Rules allow you to define how and when to allow
[info] requests. You can keep these rules in your project directory
[info] and publish them with firebase deploy.
[info] 
[debug] [2023-12-19T09:57:36.858Z] >>> [apiv2][query] GET https://firebaserules.googleapis.com/v1/projects/service-d17/releases pageSize=10&pageToken=
[debug] [2023-12-19T09:57:37.838Z] <<< [apiv2][status] GET https://firebaserules.googleapis.com/v1/projects/service-d17/releases 200
[debug] [2023-12-19T09:57:37.838Z] <<< [apiv2][body] GET https://firebaserules.googleapis.com/v1/projects/service-d17/releases {"releases":[{"name":"projects/service-d17/releases/cloud.firestore","rulesetName":"projects/service-d17/rulesets/eaf3555f-3ec3-46f0-9e58-661af6127611","createTime":"2023-12-19T09:33:19.279012Z","updateTime":"2023-12-19T09:33:46.603883Z"}]}
[debug] [2023-12-19T09:57:37.838Z] Found ruleset: projects/service-d17/rulesets/eaf3555f-3ec3-46f0-9e58-661af6127611
[debug] [2023-12-19T09:57:37.839Z] >>> [apiv2][query] GET https://firebaserules.googleapis.com/v1/projects/service-d17/rulesets/eaf3555f-3ec3-46f0-9e58-661af6127611 [none]
[debug] [2023-12-19T09:57:38.611Z] <<< [apiv2][status] GET https://firebaserules.googleapis.com/v1/projects/service-d17/rulesets/eaf3555f-3ec3-46f0-9e58-661af6127611 200
[debug] [2023-12-19T09:57:38.611Z] <<< [apiv2][body] GET https://firebaserules.googleapis.com/v1/projects/service-d17/rulesets/eaf3555f-3ec3-46f0-9e58-661af6127611 [omitted]
[info] 
[info] Firestore indexes allow you to perform complex queries while
[info] maintaining performance that scales with the size of the result
[info] set. You can keep index definitions in your project directory
[info] and publish them with firebase deploy.
[info] 
[debug] [2023-12-19T09:57:41.271Z] >>> [apiv2][query] GET https://firestore.googleapis.com/v1/projects/service-d17/databases/(default)/collectionGroups/-/indexes [none]
[debug] [2023-12-19T09:57:41.272Z] >>> [apiv2][query] GET https://firestore.googleapis.com/v1/projects/service-d17/databases/(default)/collectionGroups/-/fields?filter=indexConfig.usesAncestorConfig=false OR ttlConfig:* [none]
[debug] [2023-12-19T09:57:42.236Z] <<< [apiv2][status] GET https://firestore.googleapis.com/v1/projects/service-d17/databases/(default)/collectionGroups/-/indexes 200
[debug] [2023-12-19T09:57:42.236Z] <<< [apiv2][body] GET https://firestore.googleapis.com/v1/projects/service-d17/databases/(default)/collectionGroups/-/indexes {}
[debug] [2023-12-19T09:57:42.247Z] <<< [apiv2][status] GET https://firestore.googleapis.com/v1/projects/service-d17/databases/(default)/collectionGroups/-/fields?filter=indexConfig.usesAncestorConfig=false OR ttlConfig:* 200
[debug] [2023-12-19T09:57:42.247Z] <<< [apiv2][body] GET https://firestore.googleapis.com/v1/projects/service-d17/databases/(default)/collectionGroups/-/fields?filter=indexConfig.usesAncestorConfig=false OR ttlConfig:* {"fields":[{"name":"projects/service-d17/databases/(default)/collectionGroups/__default__/fields/*","indexConfig":{"indexes":[{"queryScope":"COLLECTION","fields":[{"fieldPath":"*","order":"ASCENDING"}],"state":"READY"},{"queryScope":"COLLECTION","fields":[{"fieldPath":"*","order":"DESCENDING"}],"state":"READY"},{"queryScope":"COLLECTION","fields":[{"fieldPath":"*","arrayConfig":"CONTAINS"}],"state":"READY"}]}}]}
[info] 
=== Hosting Setup
[debug] [2023-12-19T09:57:42.250Z] >>> [apiv2][query] GET https://firebase.googleapis.com/v1beta1/projects/service-d17 [none]
[debug] [2023-12-19T09:57:42.685Z] <<< [apiv2][status] GET https://firebase.googleapis.com/v1beta1/projects/service-d17 200
[debug] [2023-12-19T09:57:42.685Z] <<< [apiv2][body] GET https://firebase.googleapis.com/v1beta1/projects/service-d17 {"projectId":"service-d17","projectNumber":"669624105214","displayName":"MonetiqueService","name":"projects/service-d17","resources":{"hostingSite":"service-d17"},"state":"ACTIVE","etag":"1_36a19430-c21e-4889-8778-06c6c0194b89"}
[info] 
[info] Your public directory is the folder (relative to your project directory) that
[info] will contain Hosting assets to be uploaded with firebase deploy. If you
[info] have a build process for your assets, use your build's output directory.
[info] 
[debug] [2023-12-19T09:58:50.644Z] >>> [apiv2][query] GET https://www.gstatic.com/firebasejs/releases.json [none]
[debug] [2023-12-19T09:58:50.924Z] <<< [apiv2][status] GET https://www.gstatic.com/firebasejs/releases.json 200
[debug] [2023-12-19T09:58:50.925Z] <<< [apiv2][body] GET https://www.gstatic.com/firebasejs/releases.json {"current":{"version":"10.7.1","browserURL":"https://www.gstatic.com/firebasejs/10.7.1/firebase.js","packageURL":"https://www.gstatic.com/firebasejs/10.7.1/firebase.tgz"},"live":{"version":"10.7","browserURL":"https://www.gstatic.com/firebasejs/live/10.7/firebase.js","packageURL":"https://www.gstatic.com/firebasejs/live/10.7/firebase.tgz"},"components":{"analytics":"https://www.gstatic.com/firebasejs/10.7.1/firebase-analytics.js","app":"https://www.gstatic.com/firebasejs/10.7.1/firebase-app.js","app-check":"https://www.gstatic.com/firebasejs/10.7.1/firebase-app-check.js","auth":"https://www.gstatic.com/firebasejs/10.7.1/firebase-auth.js","auth/cordova":"https://www.gstatic.com/firebasejs/10.7.1/firebase-auth/cordova.js","functions":"https://www.gstatic.com/firebasejs/10.7.1/firebase-functions.js","firestore":"https://www.gstatic.com/firebasejs/10.7.1/firebase-firestore.js","firestore/lite":"https://www.gstatic.com/firebasejs/10.7.1/firebase-firestore/lite.js","installations":"https://www.gstatic.com/firebasejs/10.7.1/firebase-installations.js","storage":"https://www.gstatic.com/firebasejs/10.7.1/firebase-storage.js","performance":"https://www.gstatic.com/firebasejs/10.7.1/firebase-performance.js","remote-config":"https://www.gstatic.com/firebasejs/10.7.1/firebase-remote-config.js","messaging":"https://www.gstatic.com/firebasejs/10.7.1/firebase-messaging.js","messaging/sw":"https://www.gstatic.com/firebasejs/10.7.1/firebase-messaging/sw.js","database":"https://www.gstatic.com/firebasejs/10.7.1/firebase-database.js","firestore.memory":"https://www.gstatic.com/firebasejs/10.7.1/firebase-firestore.memory.js"}}
[info] +  Wrote dist/monetiqueservice/index.html 
[info] 
[info] i  Detected a .git folder at D:\9raya\Angular\monetiqueservice 
[info] i  Authorizing with GitHub to upload your service account to a GitHub repository's secrets store. 
[info] 
[info] Visit this URL on this device to log in:
[info] https://github.com/login/oauth/authorize?client_id=89cf50f02ac6aaed3484&state=123063094&redirect_uri=http%3A%2F%2Flocalhost%3A9005&scope=read%3Auser%20repo%20public_repo
[info] 
[info] Waiting for authentication...
[debug] [2023-12-19T09:59:02.578Z] >>> [apiv2][query] POST https://github.com/login/oauth/access_token [none]
[debug] [2023-12-19T09:59:02.578Z] >>> [apiv2][body] POST https://github.com/login/oauth/access_token [stream]
[debug] [2023-12-19T09:59:03.198Z] <<< [apiv2][status] POST https://github.com/login/oauth/access_token 200
[debug] [2023-12-19T09:59:03.198Z] <<< [apiv2][body] POST https://github.com/login/oauth/access_token {"access_token":"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","token_type":"bearer","scope":"read:user,repo"}
[debug] [2023-12-19T09:59:03.212Z] >>> [apiv2][query] GET https://api.github.com/user [none]
[debug] [2023-12-19T09:59:03.596Z] <<< [apiv2][status] GET https://api.github.com/user 200
[debug] [2023-12-19T09:59:03.597Z] <<< [apiv2][body] GET https://api.github.com/user {"login":"safwen321","id":153512864,"node_id":"U_kgDOCSZroA","avatar_url":"https://avatars.githubusercontent.com/u/153512864?v=4","gravatar_id":"","url":"https://api.github.com/users/safwen321","html_url":"https://github.com/safwen321","followers_url":"https://api.github.com/users/safwen321/followers","following_url":"https://api.github.com/users/safwen321/following{/other_user}","gists_url":"https://api.github.com/users/safwen321/gists{/gist_id}","starred_url":"https://api.github.com/users/safwen321/starred{/owner}{/repo}","subscriptions_url":"https://api.github.com/users/safwen321/subscriptions","organizations_url":"https://api.github.com/users/safwen321/orgs","repos_url":"https://api.github.com/users/safwen321/repos","events_url":"https://api.github.com/users/safwen321/events{/privacy}","received_events_url":"https://api.github.com/users/safwen321/received_events","type":"User","site_admin":false,"name":null,"company":null,"blog":"","location":null,"email":null,"hireable":null,"bio":null,"twitter_username":null,"public_repos":7,"public_gists":0,"followers":0,"following":0,"created_at":"2023-12-11T11:46:48Z","updated_at":"2023-12-19T08:54:12Z","private_gists":0,"total_private_repos":0,"owned_private_repos":0,"disk_usage":8,"collaborators":0,"two_factor_authentication":false,"plan":{"name":"free","space":976562499,"collaborators":0,"private_repos":10000}}
[info] 
[info] +  Success! Logged into GitHub as safwen321 
[info] 
